<?xml version="1.0" encoding="UTF-8"?>
<!-- Generated by org.testng.reporters.JUnitReportReporter -->
<testsuite skipped="0" hostname="DESKTOP-8IQA0EJ" name="com.qatechhub.tests.ContactUsTests" tests="1" failures="0" timestamp="2020-11-17T13:02:01 IST" time="17.249" errors="0">
  <testcase name="verifyContactUsForm" time="17.249" classname="com.qatechhub.tests.ContactUsTests"/>
  <system-out/>
</testsuite> <!-- com.qatechhub.tests.ContactUsTests -->
